{
  "RSpec": {
    "coverage": {
      "/Users/student/Projects/MakersBnB/app.rb": {
        "lines": [
          1,
          1,
          1,
          1,
          null,
          1,
          1,
          1,
          1,
          null,
          null,
          1,
          7,
          null,
          null,
          1,
          4,
          4,
          null,
          null,
          1,
          6,
          6,
          6,
          null,
          null,
          1,
          3,
          3,
          null,
          null,
          1,
          2,
          2,
          null,
          null,
          1,
          2,
          2,
          2,
          null,
          null,
          1,
          1,
          null,
          null,
          1,
          1,
          1,
          null,
          null,
          1,
          null
        ]
      },
      "/Users/student/Projects/MakersBnB/lib/bnb.rb": {
        "lines": [
          1,
          null,
          1,
          1,
          null,
          1,
          23,
          23,
          23,
          23,
          23,
          23,
          null,
          null,
          null,
          1,
          7,
          7,
          10,
          null,
          null,
          null,
          1,
          8,
          8,
          null,
          null,
          1,
          3,
          3,
          null,
          null,
          1,
          2,
          2,
          null,
          null
        ]
      },
      "/Users/student/Projects/MakersBnB/lib/db_connection.rb": {
        "lines": [
          1,
          null,
          1,
          1,
          null,
          0,
          null
        ]
      },
      "/Users/student/Projects/MakersBnB/lib/database_connection.rb": {
        "lines": [
          1,
          null,
          1,
          1,
          4,
          null,
          null,
          1,
          1,
          null,
          null,
          1,
          24,
          null,
          null
        ]
      },
      "/Users/student/Projects/MakersBnB/lib/reservation_id.rb": {
        "lines": [
          1,
          1,
          1,
          3,
          null,
          null
        ]
      },
      "/Users/student/Projects/MakersBnB/spec/bnb_spec.rb": {
        "lines": [
          1,
          1,
          null,
          1,
          1,
          1,
          null,
          1,
          1,
          1,
          null,
          null,
          1,
          1,
          null,
          1,
          1,
          1,
          1,
          1,
          null,
          null,
          null,
          1,
          1,
          1,
          null,
          1,
          1,
          1,
          1,
          null,
          null,
          null
        ]
      },
      "/Users/student/Projects/MakersBnB/spec/db_connection_spec.rb": {
        "lines": [
          1,
          null,
          1,
          1,
          1,
          1,
          null,
          1,
          null,
          null,
          null,
          1,
          null,
          1,
          null,
          1,
          null,
          null,
          1,
          1,
          1,
          null,
          1,
          null,
          1,
          null,
          null,
          null
        ]
      },
      "/Users/student/Projects/MakersBnB/spec/feature/add_place_spec.rb": {
        "lines": [
          1,
          1,
          1,
          1,
          1,
          1,
          1,
          1,
          null,
          null
        ]
      },
      "/Users/student/Projects/MakersBnB/spec/feature/home_page_spec.rb": {
        "lines": [
          1,
          1,
          1,
          1,
          null,
          null,
          null,
          1,
          1,
          1,
          1,
          null,
          null,
          null,
          1,
          1,
          1,
          1,
          null,
          null,
          null,
          1,
          1,
          1,
          1,
          1,
          1,
          null,
          null
        ]
      },
      "/Users/student/Projects/MakersBnB/spec/feature/login_test_spec.rb": {
        "lines": [

        ]
      },
      "/Users/student/Projects/MakersBnB/spec/feature/reserve_space_spec.rb": {
        "lines": [
          1,
          null,
          1,
          1,
          1,
          1,
          1,
          1,
          1,
          1,
          1,
          null,
          null,
          1,
          1,
          1,
          1,
          1,
          1,
          1,
          1,
          1,
          1,
          null,
          null,
          null,
          1,
          1,
          1,
          1,
          1,
          1,
          1,
          1,
          1,
          null,
          null,
          null,
          null
        ]
      },
      "/Users/student/Projects/MakersBnB/spec/feature/test_page_spec.rb": {
        "lines": [
          1,
          1,
          1,
          1,
          null,
          null
        ]
      },
      "/Users/student/Projects/MakersBnB/spec/feature/view_all_spaces_spec.rb": {
        "lines": [
          1,
          null,
          1,
          1,
          1,
          1,
          1,
          null,
          1,
          1,
          1,
          1,
          null,
          null
        ]
      },
      "/Users/student/Projects/MakersBnB/spec/reservation_id_spec.rb": {
        "lines": [
          1,
          1,
          null,
          1,
          1,
          1,
          1,
          null,
          null
        ]
      }
    },
    "timestamp": 1590661393
  }
}
