{
  "RSpec": {
    "coverage": {
      "/Users/student/Projects/MakersBnB/app.rb": {
        "lines": [
          1,
          1,
          null,
          1,
          1,
          0,
          null,
          null,
          1,
          1,
          1,
          null,
          null,
          1,
          null
        ]
      },
      "/Users/student/Projects/MakersBnB/lib/bnb.rb": {
        "lines": [
          1,
          null,
          1,
          1,
          null,
          1,
          3,
          null,
          null,
          null,
          null,
          1,
          1,
          1,
          3,
          null,
          null,
          null
        ]
      },
      "/Users/student/Projects/MakersBnB/spec/db_connection_spec.rb": {
        "lines": [
          1,
          null,
          1,
          1,
          1,
          1,
          null,
          1,
          null,
          null,
          null,
          1,
          null,
          1,
          null,
          1,
          null,
          null,
          1,
          1,
          1,
          null,
          1,
          null,
          1,
          null,
          null,
          null
        ]
      },
      "/Users/student/Projects/MakersBnB/lib/database_connection.rb": {
        "lines": [
          1,
          null,
          1,
          1,
          3,
          null,
          null,
          1,
          1,
          null,
          null,
          1,
          5,
          null,
          null
        ]
      },
      "/Users/student/Projects/MakersBnB/spec/features/view_all_spaces_spec.rb": {
        "lines": [
          1,
          null,
          1,
          1,
          1,
          1,
          1,
          1,
          1,
          1,
          1,
          null,
          null
        ]
      }
    },
    "timestamp": 1590505121
  }
}
